<?xml version="1.0" encoding="UTF-8"?>
<testsuite xmlns:xsi="http://www.w3.org/2001/XMLSchema-instance" xsi:noNamespaceSchemaLocation="https://maven.apache.org/surefire/maven-surefire-plugin/xsd/surefire-test-report-3.0.xsd" version="3.0" name="com.collinson.Runner.TestRunner" time="11.958" tests="0" errors="0" skipped="0" failures="0">
  <properties>
    <property name="sun.desktop" value="windows"/>
    <property name="awt.toolkit" value="sun.awt.windows.WToolkit"/>
    <property name="file.encoding.pkg" value="sun.io"/>
    <property name="java.specification.version" value="1.8"/>
    <property name="sun.cpu.isalist" value="amd64"/>
    <property name="sun.jnu.encoding" value="Cp1252"/>
    <property name="java.class.path" value="F:\Workspace Cucumber project from scratch\CollinsonTest\target\test-classes;F:\Workspace Cucumber project from scratch\CollinsonTest\target\classes;C:\Users\Nikhil\.m2\repository\org\apache\maven\plugins\maven-compiler-plugin\3.8.1\maven-compiler-plugin-3.8.1.jar;C:\Users\Nikhil\.m2\repository\org\apache\maven\maven-plugin-api\3.0\maven-plugin-api-3.0.jar;C:\Users\Nikhil\.m2\repository\org\apache\maven\maven-model\3.0\maven-model-3.0.jar;C:\Users\Nikhil\.m2\repository\org\sonatype\sisu\sisu-inject-plexus\1.4.2\sisu-inject-plexus-1.4.2.jar;C:\Users\Nikhil\.m2\repository\org\sonatype\sisu\sisu-inject-bean\1.4.2\sisu-inject-bean-1.4.2.jar;C:\Users\Nikhil\.m2\repository\org\sonatype\sisu\sisu-guice\2.1.7\sisu-guice-2.1.7-noaop.jar;C:\Users\Nikhil\.m2\repository\org\apache\maven\maven-artifact\3.0\maven-artifact-3.0.jar;C:\Users\Nikhil\.m2\repository\org\codehaus\plexus\plexus-utils\2.0.4\plexus-utils-2.0.4.jar;C:\Users\Nikhil\.m2\repository\org\apache\maven\maven-core\3.0\maven-core-3.0.jar;C:\Users\Nikhil\.m2\repository\org\apache\maven\maven-settings\3.0\maven-settings-3.0.jar;C:\Users\Nikhil\.m2\repository\org\apache\maven\maven-settings-builder\3.0\maven-settings-builder-3.0.jar;C:\Users\Nikhil\.m2\repository\org\apache\maven\maven-repository-metadata\3.0\maven-repository-metadata-3.0.jar;C:\Users\Nikhil\.m2\repository\org\apache\maven\maven-model-builder\3.0\maven-model-builder-3.0.jar;C:\Users\Nikhil\.m2\repository\org\apache\maven\maven-aether-provider\3.0\maven-aether-provider-3.0.jar;C:\Users\Nikhil\.m2\repository\org\sonatype\aether\aether-impl\1.7\aether-impl-1.7.jar;C:\Users\Nikhil\.m2\repository\org\sonatype\aether\aether-spi\1.7\aether-spi-1.7.jar;C:\Users\Nikhil\.m2\repository\org\sonatype\aether\aether-api\1.7\aether-api-1.7.jar;C:\Users\Nikhil\.m2\repository\org\sonatype\aether\aether-util\1.7\aether-util-1.7.jar;C:\Users\Nikhil\.m2\repository\org\codehaus\plexus\plexus-interpolation\1.14\plexus-interpolation-1.14.jar;C:\Users\Nikhil\.m2\repository\org\codehaus\plexus\plexus-classworlds\2.2.3\plexus-classworlds-2.2.3.jar;C:\Users\Nikhil\.m2\repository\org\codehaus\plexus\plexus-component-annotations\1.5.5\plexus-component-annotations-1.5.5.jar;C:\Users\Nikhil\.m2\repository\org\sonatype\plexus\plexus-sec-dispatcher\1.3\plexus-sec-dispatcher-1.3.jar;C:\Users\Nikhil\.m2\repository\org\sonatype\plexus\plexus-cipher\1.4\plexus-cipher-1.4.jar;C:\Users\Nikhil\.m2\repository\org\apache\maven\shared\maven-shared-utils\3.2.1\maven-shared-utils-3.2.1.jar;C:\Users\Nikhil\.m2\repository\commons-io\commons-io\2.5\commons-io-2.5.jar;C:\Users\Nikhil\.m2\repository\org\apache\maven\shared\maven-shared-incremental\1.1\maven-shared-incremental-1.1.jar;C:\Users\Nikhil\.m2\repository\org\codehaus\plexus\plexus-java\0.9.10\plexus-java-0.9.10.jar;C:\Users\Nikhil\.m2\repository\org\ow2\asm\asm\6.2\asm-6.2.jar;C:\Users\Nikhil\.m2\repository\com\thoughtworks\qdox\qdox\2.0-M8\qdox-2.0-M8.jar;C:\Users\Nikhil\.m2\repository\org\codehaus\plexus\plexus-compiler-api\2.8.4\plexus-compiler-api-2.8.4.jar;C:\Users\Nikhil\.m2\repository\org\codehaus\plexus\plexus-compiler-manager\2.8.4\plexus-compiler-manager-2.8.4.jar;C:\Users\Nikhil\.m2\repository\org\codehaus\plexus\plexus-compiler-javac\2.8.4\plexus-compiler-javac-2.8.4.jar;C:\Users\Nikhil\.m2\repository\io\cucumber\cucumber-java\4.8.0\cucumber-java-4.8.0.jar;C:\Users\Nikhil\.m2\repository\io\cucumber\cucumber-core\4.8.0\cucumber-core-4.8.0.jar;C:\Users\Nikhil\.m2\repository\io\cucumber\gherkin\5.1.0\gherkin-5.1.0.jar;C:\Users\Nikhil\.m2\repository\io\cucumber\tag-expressions\1.1.1\tag-expressions-1.1.1.jar;C:\Users\Nikhil\.m2\repository\io\cucumber\cucumber-expressions\7.0.2\cucumber-expressions-7.0.2.jar;C:\Users\Nikhil\.m2\repository\io\cucumber\datatable\1.1.14\datatable-1.1.14.jar;C:\Users\Nikhil\.m2\repository\io\cucumber\datatable-dependencies\1.1.14\datatable-dependencies-1.1.14.jar;C:\Users\Nikhil\.m2\repository\org\apiguardian\apiguardian-api\1.1.0\apiguardian-api-1.1.0.jar;C:\Users\Nikhil\.m2\repository\io\cucumber\cucumber-junit\4.8.0\cucumber-junit-4.8.0.jar;C:\Users\Nikhil\.m2\repository\junit\junit\4.13.1\junit-4.13.1.jar;C:\Users\Nikhil\.m2\repository\org\hamcrest\hamcrest-core\1.3\hamcrest-core-1.3.jar;C:\Users\Nikhil\.m2\repository\io\rest-assured\rest-assured\4.1.2\rest-assured-4.1.2.jar;C:\Users\Nikhil\.m2\repository\org\codehaus\groovy\groovy\2.5.8\groovy-2.5.8.jar;C:\Users\Nikhil\.m2\repository\org\codehaus\groovy\groovy-xml\2.5.8\groovy-xml-2.5.8.jar;C:\Users\Nikhil\.m2\repository\org\apache\httpcomponents\httpclient\4.5.3\httpclient-4.5.3.jar;C:\Users\Nikhil\.m2\repository\org\apache\httpcomponents\httpcore\4.4.6\httpcore-4.4.6.jar;C:\Users\Nikhil\.m2\repository\commons-logging\commons-logging\1.2\commons-logging-1.2.jar;C:\Users\Nikhil\.m2\repository\commons-codec\commons-codec\1.9\commons-codec-1.9.jar;C:\Users\Nikhil\.m2\repository\org\apache\httpcomponents\httpmime\4.5.3\httpmime-4.5.3.jar;C:\Users\Nikhil\.m2\repository\org\hamcrest\hamcrest\2.1\hamcrest-2.1.jar;C:\Users\Nikhil\.m2\repository\org\ccil\cowan\tagsoup\tagsoup\1.2.1\tagsoup-1.2.1.jar;C:\Users\Nikhil\.m2\repository\io\rest-assured\json-path\4.1.2\json-path-4.1.2.jar;C:\Users\Nikhil\.m2\repository\org\codehaus\groovy\groovy-json\2.5.8\groovy-json-2.5.8.jar;C:\Users\Nikhil\.m2\repository\io\rest-assured\rest-assured-common\4.1.2\rest-assured-common-4.1.2.jar;C:\Users\Nikhil\.m2\repository\io\rest-assured\xml-path\4.1.2\xml-path-4.1.2.jar;C:\Users\Nikhil\.m2\repository\org\apache\commons\commons-lang3\3.4\commons-lang3-3.4.jar;C:\Users\Nikhil\.m2\repository\javax\xml\bind\jaxb-api\2.3.1\jaxb-api-2.3.1.jar;C:\Users\Nikhil\.m2\repository\javax\activation\javax.activation-api\1.2.0\javax.activation-api-1.2.0.jar;C:\Users\Nikhil\.m2\repository\com\sun\xml\bind\jaxb-osgi\2.3.0.1\jaxb-osgi-2.3.0.1.jar;C:\Users\Nikhil\.m2\repository\org\apache\sling\org.apache.sling.javax.activation\0.1.0\org.apache.sling.javax.activation-0.1.0.jar;C:\Users\Nikhil\.m2\repository\javax\activation\activation\1.1.1\activation-1.1.1.jar;C:\Users\Nikhil\.m2\repository\com\fasterxml\jackson\core\jackson-databind\2.10.1\jackson-databind-2.10.1.jar;C:\Users\Nikhil\.m2\repository\com\fasterxml\jackson\core\jackson-annotations\2.10.1\jackson-annotations-2.10.1.jar;C:\Users\Nikhil\.m2\repository\com\fasterxml\jackson\core\jackson-core\2.10.1\jackson-core-2.10.1.jar;C:\Users\Nikhil\.m2\repository\org\testng\testng\6.14.3\testng-6.14.3.jar;C:\Users\Nikhil\.m2\repository\com\beust\jcommander\1.72\jcommander-1.72.jar;C:\Users\Nikhil\.m2\repository\org\apache-extras\beanshell\bsh\2.0b6\bsh-2.0b6.jar;C:\Users\Nikhil\.m2\repository\com\googlecode\json-simple\json-simple\1.1.1\json-simple-1.1.1.jar;"/>
    <property name="java.vm.vendor" value="Oracle Corporation"/>
    <property name="sun.arch.data.model" value="64"/>
    <property name="user.variant" value=""/>
    <property name="java.vendor.url" value="http://java.oracle.com/"/>
    <property name="user.timezone" value="Asia/Calcutta"/>
    <property name="java.vm.specification.version" value="1.8"/>
    <property name="os.name" value="Windows 10"/>
    <property name="user.country" value="IN"/>
    <property name="sun.java.launcher" value="SUN_STANDARD"/>
    <property name="sun.boot.library.path" value="C:\Program Files\Java\jdk\jre\bin"/>
    <property name="sun.java.command" value="C:\Users\Nikhil\AppData\Local\Temp\surefire2093302478633336292\surefirebooter3506233974804399964.jar C:\Users\Nikhil\AppData\Local\Temp\surefire2093302478633336292 2021-02-10T16-00-37_299-jvmRun1 surefire3276661321747144649tmp surefire_03195697119246738575tmp"/>
    <property name="surefire.test.class.path" value="F:\Workspace Cucumber project from scratch\CollinsonTest\target\test-classes;F:\Workspace Cucumber project from scratch\CollinsonTest\target\classes;C:\Users\Nikhil\.m2\repository\org\apache\maven\plugins\maven-compiler-plugin\3.8.1\maven-compiler-plugin-3.8.1.jar;C:\Users\Nikhil\.m2\repository\org\apache\maven\maven-plugin-api\3.0\maven-plugin-api-3.0.jar;C:\Users\Nikhil\.m2\repository\org\apache\maven\maven-model\3.0\maven-model-3.0.jar;C:\Users\Nikhil\.m2\repository\org\sonatype\sisu\sisu-inject-plexus\1.4.2\sisu-inject-plexus-1.4.2.jar;C:\Users\Nikhil\.m2\repository\org\sonatype\sisu\sisu-inject-bean\1.4.2\sisu-inject-bean-1.4.2.jar;C:\Users\Nikhil\.m2\repository\org\sonatype\sisu\sisu-guice\2.1.7\sisu-guice-2.1.7-noaop.jar;C:\Users\Nikhil\.m2\repository\org\apache\maven\maven-artifact\3.0\maven-artifact-3.0.jar;C:\Users\Nikhil\.m2\repository\org\codehaus\plexus\plexus-utils\2.0.4\plexus-utils-2.0.4.jar;C:\Users\Nikhil\.m2\repository\org\apache\maven\maven-core\3.0\maven-core-3.0.jar;C:\Users\Nikhil\.m2\repository\org\apache\maven\maven-settings\3.0\maven-settings-3.0.jar;C:\Users\Nikhil\.m2\repository\org\apache\maven\maven-settings-builder\3.0\maven-settings-builder-3.0.jar;C:\Users\Nikhil\.m2\repository\org\apache\maven\maven-repository-metadata\3.0\maven-repository-metadata-3.0.jar;C:\Users\Nikhil\.m2\repository\org\apache\maven\maven-model-builder\3.0\maven-model-builder-3.0.jar;C:\Users\Nikhil\.m2\repository\org\apache\maven\maven-aether-provider\3.0\maven-aether-provider-3.0.jar;C:\Users\Nikhil\.m2\repository\org\sonatype\aether\aether-impl\1.7\aether-impl-1.7.jar;C:\Users\Nikhil\.m2\repository\org\sonatype\aether\aether-spi\1.7\aether-spi-1.7.jar;C:\Users\Nikhil\.m2\repository\org\sonatype\aether\aether-api\1.7\aether-api-1.7.jar;C:\Users\Nikhil\.m2\repository\org\sonatype\aether\aether-util\1.7\aether-util-1.7.jar;C:\Users\Nikhil\.m2\repository\org\codehaus\plexus\plexus-interpolation\1.14\plexus-interpolation-1.14.jar;C:\Users\Nikhil\.m2\repository\org\codehaus\plexus\plexus-classworlds\2.2.3\plexus-classworlds-2.2.3.jar;C:\Users\Nikhil\.m2\repository\org\codehaus\plexus\plexus-component-annotations\1.5.5\plexus-component-annotations-1.5.5.jar;C:\Users\Nikhil\.m2\repository\org\sonatype\plexus\plexus-sec-dispatcher\1.3\plexus-sec-dispatcher-1.3.jar;C:\Users\Nikhil\.m2\repository\org\sonatype\plexus\plexus-cipher\1.4\plexus-cipher-1.4.jar;C:\Users\Nikhil\.m2\repository\org\apache\maven\shared\maven-shared-utils\3.2.1\maven-shared-utils-3.2.1.jar;C:\Users\Nikhil\.m2\repository\commons-io\commons-io\2.5\commons-io-2.5.jar;C:\Users\Nikhil\.m2\repository\org\apache\maven\shared\maven-shared-incremental\1.1\maven-shared-incremental-1.1.jar;C:\Users\Nikhil\.m2\repository\org\codehaus\plexus\plexus-java\0.9.10\plexus-java-0.9.10.jar;C:\Users\Nikhil\.m2\repository\org\ow2\asm\asm\6.2\asm-6.2.jar;C:\Users\Nikhil\.m2\repository\com\thoughtworks\qdox\qdox\2.0-M8\qdox-2.0-M8.jar;C:\Users\Nikhil\.m2\repository\org\codehaus\plexus\plexus-compiler-api\2.8.4\plexus-compiler-api-2.8.4.jar;C:\Users\Nikhil\.m2\repository\org\codehaus\plexus\plexus-compiler-manager\2.8.4\plexus-compiler-manager-2.8.4.jar;C:\Users\Nikhil\.m2\repository\org\codehaus\plexus\plexus-compiler-javac\2.8.4\plexus-compiler-javac-2.8.4.jar;C:\Users\Nikhil\.m2\repository\io\cucumber\cucumber-java\4.8.0\cucumber-java-4.8.0.jar;C:\Users\Nikhil\.m2\repository\io\cucumber\cucumber-core\4.8.0\cucumber-core-4.8.0.jar;C:\Users\Nikhil\.m2\repository\io\cucumber\gherkin\5.1.0\gherkin-5.1.0.jar;C:\Users\Nikhil\.m2\repository\io\cucumber\tag-expressions\1.1.1\tag-expressions-1.1.1.jar;C:\Users\Nikhil\.m2\repository\io\cucumber\cucumber-expressions\7.0.2\cucumber-expressions-7.0.2.jar;C:\Users\Nikhil\.m2\repository\io\cucumber\datatable\1.1.14\datatable-1.1.14.jar;C:\Users\Nikhil\.m2\repository\io\cucumber\datatable-dependencies\1.1.14\datatable-dependencies-1.1.14.jar;C:\Users\Nikhil\.m2\repository\org\apiguardian\apiguardian-api\1.1.0\apiguardian-api-1.1.0.jar;C:\Users\Nikhil\.m2\repository\io\cucumber\cucumber-junit\4.8.0\cucumber-junit-4.8.0.jar;C:\Users\Nikhil\.m2\repository\junit\junit\4.13.1\junit-4.13.1.jar;C:\Users\Nikhil\.m2\repository\org\hamcrest\hamcrest-core\1.3\hamcrest-core-1.3.jar;C:\Users\Nikhil\.m2\repository\io\rest-assured\rest-assured\4.1.2\rest-assured-4.1.2.jar;C:\Users\Nikhil\.m2\repository\org\codehaus\groovy\groovy\2.5.8\groovy-2.5.8.jar;C:\Users\Nikhil\.m2\repository\org\codehaus\groovy\groovy-xml\2.5.8\groovy-xml-2.5.8.jar;C:\Users\Nikhil\.m2\repository\org\apache\httpcomponents\httpclient\4.5.3\httpclient-4.5.3.jar;C:\Users\Nikhil\.m2\repository\org\apache\httpcomponents\httpcore\4.4.6\httpcore-4.4.6.jar;C:\Users\Nikhil\.m2\repository\commons-logging\commons-logging\1.2\commons-logging-1.2.jar;C:\Users\Nikhil\.m2\repository\commons-codec\commons-codec\1.9\commons-codec-1.9.jar;C:\Users\Nikhil\.m2\repository\org\apache\httpcomponents\httpmime\4.5.3\httpmime-4.5.3.jar;C:\Users\Nikhil\.m2\repository\org\hamcrest\hamcrest\2.1\hamcrest-2.1.jar;C:\Users\Nikhil\.m2\repository\org\ccil\cowan\tagsoup\tagsoup\1.2.1\tagsoup-1.2.1.jar;C:\Users\Nikhil\.m2\repository\io\rest-assured\json-path\4.1.2\json-path-4.1.2.jar;C:\Users\Nikhil\.m2\repository\org\codehaus\groovy\groovy-json\2.5.8\groovy-json-2.5.8.jar;C:\Users\Nikhil\.m2\repository\io\rest-assured\rest-assured-common\4.1.2\rest-assured-common-4.1.2.jar;C:\Users\Nikhil\.m2\repository\io\rest-assured\xml-path\4.1.2\xml-path-4.1.2.jar;C:\Users\Nikhil\.m2\repository\org\apache\commons\commons-lang3\3.4\commons-lang3-3.4.jar;C:\Users\Nikhil\.m2\repository\javax\xml\bind\jaxb-api\2.3.1\jaxb-api-2.3.1.jar;C:\Users\Nikhil\.m2\repository\javax\activation\javax.activation-api\1.2.0\javax.activation-api-1.2.0.jar;C:\Users\Nikhil\.m2\repository\com\sun\xml\bind\jaxb-osgi\2.3.0.1\jaxb-osgi-2.3.0.1.jar;C:\Users\Nikhil\.m2\repository\org\apache\sling\org.apache.sling.javax.activation\0.1.0\org.apache.sling.javax.activation-0.1.0.jar;C:\Users\Nikhil\.m2\repository\javax\activation\activation\1.1.1\activation-1.1.1.jar;C:\Users\Nikhil\.m2\repository\com\fasterxml\jackson\core\jackson-databind\2.10.1\jackson-databind-2.10.1.jar;C:\Users\Nikhil\.m2\repository\com\fasterxml\jackson\core\jackson-annotations\2.10.1\jackson-annotations-2.10.1.jar;C:\Users\Nikhil\.m2\repository\com\fasterxml\jackson\core\jackson-core\2.10.1\jackson-core-2.10.1.jar;C:\Users\Nikhil\.m2\repository\org\testng\testng\6.14.3\testng-6.14.3.jar;C:\Users\Nikhil\.m2\repository\com\beust\jcommander\1.72\jcommander-1.72.jar;C:\Users\Nikhil\.m2\repository\org\apache-extras\beanshell\bsh\2.0b6\bsh-2.0b6.jar;C:\Users\Nikhil\.m2\repository\com\googlecode\json-simple\json-simple\1.1.1\json-simple-1.1.1.jar;"/>
    <property name="sun.cpu.endian" value="little"/>
    <property name="user.home" value="C:\Users\Nikhil"/>
    <property name="user.language" value="en"/>
    <property name="java.specification.vendor" value="Oracle Corporation"/>
    <property name="java.home" value="C:\Program Files\Java\jdk\jre"/>
    <property name="basedir" value="F:\Workspace Cucumber project from scratch\CollinsonTest"/>
    <property name="file.separator" value="\"/>
    <property name="line.separator" value="&#10;"/>
    <property name="java.vm.specification.vendor" value="Oracle Corporation"/>
    <property name="java.specification.name" value="Java Platform API Specification"/>
    <property name="java.awt.graphicsenv" value="sun.awt.Win32GraphicsEnvironment"/>
    <property name="surefire.real.class.path" value="C:\Users\Nikhil\AppData\Local\Temp\surefire2093302478633336292\surefirebooter3506233974804399964.jar"/>
    <property name="sun.boot.class.path" value="C:\Program Files\Java\jdk\jre\lib\resources.jar;C:\Program Files\Java\jdk\jre\lib\rt.jar;C:\Program Files\Java\jdk\jre\lib\sunrsasign.jar;C:\Program Files\Java\jdk\jre\lib\jsse.jar;C:\Program Files\Java\jdk\jre\lib\jce.jar;C:\Program Files\Java\jdk\jre\lib\charsets.jar;C:\Program Files\Java\jdk\jre\lib\jfr.jar;C:\Program Files\Java\jdk\jre\classes"/>
    <property name="user.script" value=""/>
    <property name="sun.management.compiler" value="HotSpot 64-Bit Tiered Compilers"/>
    <property name="java.runtime.version" value="1.8.0_181-b13"/>
    <property name="user.name" value="Nikhil"/>
    <property name="path.separator" value=";"/>
    <property name="os.version" value="10.0"/>
    <property name="java.endorsed.dirs" value="C:\Program Files\Java\jdk\jre\lib\endorsed"/>
    <property name="java.runtime.name" value="Java(TM) SE Runtime Environment"/>
    <property name="file.encoding" value="Cp1252"/>
    <property name="java.vm.name" value="Java HotSpot(TM) 64-Bit Server VM"/>
    <property name="localRepository" value="C:\Users\Nikhil\.m2\repository"/>
    <property name="java.vendor.url.bug" value="http://bugreport.sun.com/bugreport/"/>
    <property name="java.io.tmpdir" value="C:\Users\Nikhil\AppData\Local\Temp\"/>
    <property name="java.version" value="1.8.0_181"/>
    <property name="user.dir" value="F:\Workspace Cucumber project from scratch\CollinsonTest"/>
    <property name="os.arch" value="amd64"/>
    <property name="java.vm.specification.name" value="Java Virtual Machine Specification"/>
    <property name="java.awt.printerjob" value="sun.awt.windows.WPrinterJob"/>
    <property name="sun.os.patch.level" value=""/>
    <property name="java.library.path" value="C:\Program Files\Java\jdk\jre\bin;C:\WINDOWS\Sun\Java\bin;C:\WINDOWS\system32;C:\WINDOWS;C:\Users\Nikhil\AppData\Local\Microsoft\WindowsApps;G:\Maven\apache-maven-3.6.3\bin;;."/>
    <property name="java.vm.info" value="mixed mode"/>
    <property name="java.vendor" value="Oracle Corporation"/>
    <property name="java.vm.version" value="25.181-b13"/>
    <property name="java.ext.dirs" value="C:\Program Files\Java\jdk\jre\lib\ext;C:\WINDOWS\Sun\Java\lib\ext"/>
    <property name="sun.io.unicode.encoding" value="UnicodeLittle"/>
    <property name="java.class.version" value="52.0"/>
  </properties>
</testsuite>